<?xml version="1.0" encoding="UTF-8"?>
<testsuite name="com.mindex.challenge.service.impl.EmployeeServiceImplTest" tests="1" skipped="0" failures="0" errors="0" timestamp="2024-08-04T23:49:44" hostname="Andys-Laptop" time="0.07">
  <properties/>
  <testcase name="testCreateReadUpdate" classname="com.mindex.challenge.service.impl.EmployeeServiceImplTest" time="0.07"/>
  <system-out><![CDATA[2024-08-04T19:49:43.869-04:00  INFO 39877 --- [    Test worker] t.c.s.AnnotationConfigContextLoaderUtils : Could not detect default configuration classes for test class [com.mindex.challenge.service.impl.EmployeeServiceImplTest]: EmployeeServiceImplTest does not declare any static, non-private, non-final, nested classes annotated with @Configuration.
2024-08-04T19:49:43.873-04:00  INFO 39877 --- [    Test worker] .b.t.c.SpringBootTestContextBootstrapper : Found @SpringBootConfiguration com.mindex.challenge.ChallengeApplication for test class com.mindex.challenge.service.impl.EmployeeServiceImplTest

  .   ____          _            __ _ _
 /\\ / ___'_ __ _ _(_)_ __  __ _ \ \ \ \
( ( )\___ | '_ | '_| | '_ \/ _` | \ \ \ \
 \\/  ___)| |_)| | | | | || (_| |  ) ) ) )
  '  |____| .__|_| |_|_| |_\__, | / / / /
 =========|_|==============|___/=/_/_/_/
 :: Spring Boot ::                (v3.2.3)

2024-08-04T19:49:43.882-04:00  INFO 39877 --- [    Test worker] c.m.c.s.impl.EmployeeServiceImplTest     : Starting EmployeeServiceImplTest using Java 17.0.12 with PID 39877 (started by andy in /Users/andy/Desktop/Mindex Challenge/mindex-code-challenge)
2024-08-04T19:49:43.882-04:00 DEBUG 39877 --- [    Test worker] c.m.c.s.impl.EmployeeServiceImplTest     : Running with Spring Boot v3.2.3, Spring v6.1.4
2024-08-04T19:49:43.882-04:00  INFO 39877 --- [    Test worker] c.m.c.s.impl.EmployeeServiceImplTest     : No active profile set, falling back to 1 default profile: "default"
2024-08-04T19:49:43.916-04:00  INFO 39877 --- [    Test worker] .s.d.r.c.RepositoryConfigurationDelegate : Bootstrapping Spring Data MongoDB repositories in DEFAULT mode.
2024-08-04T19:49:43.918-04:00  INFO 39877 --- [    Test worker] .s.d.r.c.RepositoryConfigurationDelegate : Finished Spring Data repository scanning in 1 ms. Found 1 MongoDB repository interface.
2024-08-04T19:49:43.976-04:00  INFO 39877 --- [    Test worker] o.s.b.w.embedded.tomcat.TomcatWebServer  : Tomcat initialized with port 0 (http)
2024-08-04T19:49:43.980-04:00  INFO 39877 --- [    Test worker] o.apache.catalina.core.StandardService   : Starting service [Tomcat]
2024-08-04T19:49:43.980-04:00  INFO 39877 --- [    Test worker] o.apache.catalina.core.StandardEngine    : Starting Servlet engine: [Apache Tomcat/10.1.19]
2024-08-04T19:49:43.998-04:00  INFO 39877 --- [    Test worker] o.a.c.c.C.[Tomcat].[localhost].[/]       : Initializing Spring embedded WebApplicationContext
2024-08-04T19:49:43.999-04:00  INFO 39877 --- [    Test worker] w.s.c.ServletWebServerApplicationContext : Root WebApplicationContext: initialization completed in 115 ms
2024-08-04T19:49:44.016-04:00  INFO 39877 --- [    Test worker] de.bwaldvogel.mongo.MongoServer          : started MongoServer(port: 57149, ssl: false)
2024-08-04T19:49:44.018-04:00  INFO 39877 --- [    Test worker] org.mongodb.driver.client                : MongoClient with metadata {"driver": {"name": "mongo-java-driver|sync", "version": "4.11.1"}, "os": {"type": "Darwin", "name": "Mac OS X", "architecture": "aarch64", "version": "14.0"}, "platform": "Java/Homebrew/17.0.12+0"} created with settings MongoClientSettings{readPreference=primary, writeConcern=WriteConcern{w=null, wTimeout=null ms, journal=null}, retryWrites=true, retryReads=true, readConcern=ReadConcern{level=null}, credential=null, transportSettings=null, streamFactoryFactory=null, commandListeners=[], codecRegistry=ProvidersCodecRegistry{codecProviders=[ValueCodecProvider{}, BsonValueCodecProvider{}, DBRefCodecProvider{}, DBObjectCodecProvider{}, DocumentCodecProvider{}, CollectionCodecProvider{}, IterableCodecProvider{}, MapCodecProvider{}, GeoJsonCodecProvider{}, GridFSFileCodecProvider{}, Jsr310CodecProvider{}, JsonObjectCodecProvider{}, BsonCodecProvider{}, EnumCodecProvider{}, com.mongodb.client.model.mql.ExpressionCodecProvider@4b515eab, com.mongodb.Jep395RecordCodecProvider@66c9b52f, com.mongodb.KotlinCodecProvider@1536ea40]}, loggerSettings=LoggerSettings{maxDocumentLength=1000}, clusterSettings={hosts=[localhost:57149], srvServiceName=mongodb, mode=SINGLE, requiredClusterType=UNKNOWN, requiredReplicaSetName='null', serverSelector='null', clusterListeners='[]', serverSelectionTimeout='30000 ms', localThreshold='15 ms'}, socketSettings=SocketSettings{connectTimeoutMS=10000, readTimeoutMS=0, receiveBufferSize=0, proxySettings=ProxySettings{host=null, port=null, username=null, password=null}}, heartbeatSocketSettings=SocketSettings{connectTimeoutMS=10000, readTimeoutMS=10000, receiveBufferSize=0, proxySettings=ProxySettings{host=null, port=null, username=null, password=null}}, connectionPoolSettings=ConnectionPoolSettings{maxSize=100, minSize=0, maxWaitTimeMS=120000, maxConnectionLifeTimeMS=0, maxConnectionIdleTimeMS=0, maintenanceInitialDelayMS=0, maintenanceFrequencyMS=60000, connectionPoolListeners=[], maxConnecting=2}, serverSettings=ServerSettings{heartbeatFrequencyMS=10000, minHeartbeatFrequencyMS=500, serverListeners='[]', serverMonitorListeners='[]'}, sslSettings=SslSettings{enabled=false, invalidHostNameAllowed=false, context=null}, applicationName='null', compressorList=[], uuidRepresentation=UNSPECIFIED, serverApi=null, autoEncryptionSettings=null, dnsClient=null, inetAddressResolver=null, contextProvider=null}
2024-08-04T19:49:44.019-04:00  INFO 39877 --- [-server-worker2] d.b.mongo.wire.MongoWireProtocolHandler  : client [id: 0x59a6728c, L:/127.0.0.1:57149 - R:/127.0.0.1:57151] connected
2024-08-04T19:49:44.019-04:00  INFO 39877 --- [-server-worker1] d.b.mongo.wire.MongoWireProtocolHandler  : client [id: 0x8cd5c943, L:/127.0.0.1:57149 - R:/127.0.0.1:57150] connected
2024-08-04T19:49:44.021-04:00  INFO 39877 --- [localhost:57149] org.mongodb.driver.cluster               : Monitor thread successfully connected to server with description ServerDescription{address=localhost:57149, type=STANDALONE, state=CONNECTED, ok=true, minWireVersion=0, maxWireVersion=6, maxDocumentSize=16777216, logicalSessionTimeoutMinutes=null, roundTripTimeNanos=2631250}
2024-08-04T19:49:44.041-04:00  INFO 39877 --- [-server-worker3] d.b.mongo.wire.MongoWireProtocolHandler  : client [id: 0x784628ca, L:/127.0.0.1:57149 - R:/127.0.0.1:57152] connected
2024-08-04T19:49:44.043-04:00  INFO 39877 --- [-server-worker3] d.b.mongo.backend.AbstractMongoBackend   : created database test
2024-08-04T19:49:44.043-04:00  INFO 39877 --- [-server-worker3] d.b.mongo.backend.AbstractMongoDatabase  : adding unique _id index for collection employee
2024-08-04T19:49:44.043-04:00  INFO 39877 --- [-server-worker3] d.b.mongo.backend.AbstractMongoDatabase  : created collection test.employee
2024-08-04T19:49:44.080-04:00  INFO 39877 --- [    Test worker] o.s.b.w.embedded.tomcat.TomcatWebServer  : Tomcat started on port 57153 (http) with context path ''
2024-08-04T19:49:44.082-04:00  INFO 39877 --- [    Test worker] c.m.c.s.impl.EmployeeServiceImplTest     : Started EmployeeServiceImplTest in 0.207 seconds (process running for 1.689)
2024-08-04T19:49:44.126-04:00  INFO 39877 --- [o-auto-1-exec-1] o.a.c.c.C.[Tomcat].[localhost].[/]       : Initializing Spring DispatcherServlet 'dispatcherServlet'
2024-08-04T19:49:44.126-04:00  INFO 39877 --- [o-auto-1-exec-1] o.s.web.servlet.DispatcherServlet        : Initializing Servlet 'dispatcherServlet'
2024-08-04T19:49:44.127-04:00  INFO 39877 --- [o-auto-1-exec-1] o.s.web.servlet.DispatcherServlet        : Completed initialization in 0 ms
2024-08-04T19:49:44.139-04:00 DEBUG 39877 --- [o-auto-1-exec-1] c.m.c.controller.EmployeeController      : Received employee create request for [com.mindex.challenge.data.Employee@490408d8]
2024-08-04T19:49:44.139-04:00 DEBUG 39877 --- [o-auto-1-exec-1] c.m.c.service.impl.EmployeeServiceImpl   : Creating employee [com.mindex.challenge.data.Employee@490408d8]
2024-08-04T19:49:44.147-04:00 DEBUG 39877 --- [o-auto-1-exec-2] c.m.c.controller.EmployeeController      : Received employee create request for id [3f711d43-a7d4-4b12-b00d-9bb9797413e2]
2024-08-04T19:49:44.147-04:00 DEBUG 39877 --- [o-auto-1-exec-2] c.m.c.service.impl.EmployeeServiceImpl   : Creating employee with id [3f711d43-a7d4-4b12-b00d-9bb9797413e2]
2024-08-04T19:49:44.150-04:00 DEBUG 39877 --- [o-auto-1-exec-3] c.m.c.controller.EmployeeController      : Received employee create request for id [3f711d43-a7d4-4b12-b00d-9bb9797413e2] and employee [com.mindex.challenge.data.Employee@3f7f47ea]
2024-08-04T19:49:44.150-04:00 DEBUG 39877 --- [o-auto-1-exec-3] c.m.c.service.impl.EmployeeServiceImpl   : Updating employee [com.mindex.challenge.data.Employee@3f7f47ea]
]]></system-out>
  <system-err><![CDATA[]]></system-err>
</testsuite>
