<?xml version="1.0" encoding="UTF-8"?>
<testsuite name="com.mindex.challenge.service.impl.EmployeeServiceImplTest" tests="1" skipped="1" failures="0" errors="0" timestamp="2024-08-06T04:50:51" hostname="Andys-Laptop" time="0.0">
  <properties/>
  <testcase name="testReportingStructure" classname="com.mindex.challenge.service.impl.EmployeeServiceImplTest" time="0.0">
    <skipped/>
  </testcase>
  <system-out><![CDATA[00:50:51.205 [Test worker] INFO org.springframework.test.context.support.AnnotationConfigContextLoaderUtils -- Could not detect default configuration classes for test class [com.mindex.challenge.service.impl.EmployeeServiceImplTest]: EmployeeServiceImplTest does not declare any static, non-private, non-final, nested classes annotated with @Configuration.
00:50:51.266 [Test worker] INFO org.springframework.boot.test.context.SpringBootTestContextBootstrapper -- Found @SpringBootConfiguration com.mindex.challenge.ChallengeApplication for test class com.mindex.challenge.service.impl.EmployeeServiceImplTest
]]></system-out>
  <system-err><![CDATA[]]></system-err>
</testsuite>
